C:\Users\Vallejo\miniconda3\Lib\site-packages\polygon\rest\base.py:9: UserWarning: pkg_resources is deprecated as an API. See https://setuptools.pypa.io/en/latest/pkg_resources.html. The pkg_resources package is slated for removal as early as 2025-11-30. Refrain from using this package or pin to Setuptools<81.
  import pkg_resources  # part of setuptools
Traceback (most recent call last):
  File "<string>", line 1, in <module>
    import app
  File "D:\learning_platform\app.py", line 27860, in <module>
    @app.route('/api/portfolio/upload', methods=['POST'])
     ~~~~~~~~~^^^^^^^^^^^^^^^^^^^^^^^^^^^^^^^^^^^^^^^^^^^
  File "C:\Users\Vallejo\miniconda3\Lib\site-packages\flask\sansio\scaffold.py", line 364, in decorator
    self.add_url_rule(rule, endpoint, f, **options)
    ~~~~~~~~~~~~~~~~~^^^^^^^^^^^^^^^^^^^^^^^^^^^^^^
  File "C:\Users\Vallejo\miniconda3\Lib\site-packages\flask\sansio\scaffold.py", line 44, in wrapper_func
    return f(self, *args, **kwargs)
  File "C:\Users\Vallejo\miniconda3\Lib\site-packages\flask\sansio\app.py", line 659, in add_url_rule
    raise AssertionError(
    ...<2 lines>...
    )
AssertionError: View function mapping is overwriting an existing endpoint function: api_portfolio_upload
Applying hmac.new patch for legacy support (digestmod)
[WARN] control no disponible
pygame 2.6.1 (SDL 2.28.4, Python 3.13.9)
Hello from the pygame community. https://www.pygame.org/contribute.html
[OK] Firebase inicializado correctamente
Credenciales cargadas: Client ID = 49831361397-6hq9dk9l231g8n9vlcv4vtpfmu3biqk8.apps.googleusercontent.com
Base de datos y tablas creadas/verificadas exitosamente.
Base de datos y tablas creadas/verificadas exitosamente.
Tablas de exßmenes, reportes y recompensas creadas exitosamente.
Error creando tablas: 'charmap' codec can't encode character '\u2713' in position 0: character maps to <undefined>
Error creando tablas de mensajerÝa: 'charmap' codec can't encode character '\u2713' in position 0: character maps to <undefined>
Error creando tablas de estudio: 'charmap' codec can't encode character '\u2713' in position 0: character maps to <undefined>
